<?xml version="1.0" encoding="UTF-8"?>
<!-- Generated by org.testng.reporters.JUnitReportReporter -->
<testsuite hostname="DESKTOP-G3E20IF" failures="0" tests="3" name="parallel.ParallelRun$PositiveTest" time="28.628" errors="0" timestamp="2021-06-04T22:20:34 IST" skipped="0">
  <testcase classname="parallel.ParallelRun$PositiveTest" name="runScenario" time="8.505"/>
  <system-out/>
  <testcase classname="parallel.ParallelRun$PositiveTest" name="runScenario" time="9.920"/>
  <system-out/>
  <testcase classname="parallel.ParallelRun$PositiveTest" name="runScenario" time="10.203"/>
  <system-out/>
</testsuite> <!-- parallel.ParallelRun$PositiveTest -->
