<?xml version="1.0" encoding="UTF-8"?>
<!-- Generated by org.testng.reporters.JUnitReportReporter -->
<testsuite hostname="DESKTOP-G3E20IF" failures="0" tests="1" name="parallel.ParallelRun$PositiveTest" time="4.835" errors="0" timestamp="2021-06-01T19:07:52 IST" skipped="0">
  <testcase classname="parallel.ParallelRun$PositiveTest" name="runScenario" time="4.835"/>
  <system-out/>
</testsuite> <!-- parallel.ParallelRun$PositiveTest -->
