<?xml version="1.0" encoding="UTF-8"?>
<!-- Generated by org.testng.reporters.JUnitReportReporter -->
<testsuite hostname="DESKTOP-G3E20IF" failures="0" tests="1" name="testrunners.PositiveTest" time="87.128" errors="0" timestamp="2021-04-30T11:05:16 IST" skipped="0">
  <testcase classname="testrunners.PositiveTest" name="runScenario" time="87.128"/>
  <system-out/>
</testsuite> <!-- testrunners.PositiveTest -->
