<?xml version="1.0" encoding="UTF-8"?>
<!-- Generated by org.testng.reporters.JUnitReportReporter -->
<testsuite hostname="DESKTOP-G3E20IF" failures="0" tests="1" name="parallel.FailedRun" time="65.354" errors="0" timestamp="2021-04-30T22:23:07 IST" skipped="0">
  <testcase classname="parallel.FailedRun" name="runScenario" time="65.354"/>
  <system-out/>
</testsuite> <!-- parallel.FailedRun -->
