<?xml version="1.0" encoding="UTF-8"?>
<!-- Generated by org.testng.reporters.JUnitReportReporter -->
<testsuite hostname="DESKTOP-G3E20IF" failures="0" tests="3" name="parallel.ParallelRun$PositiveTest" time="22.547" errors="0" timestamp="2021-06-01T19:17:19 IST" skipped="0">
  <testcase classname="parallel.ParallelRun$PositiveTest" name="runScenario" time="7.954"/>
  <system-out/>
  <testcase classname="parallel.ParallelRun$PositiveTest" name="runScenario" time="8.259"/>
  <system-out/>
  <testcase classname="parallel.ParallelRun$PositiveTest" name="runScenario" time="6.334"/>
  <system-out/>
</testsuite> <!-- parallel.ParallelRun$PositiveTest -->
